Using pre-set license
Built from '2021.3/staging' branch; Version is '2021.3.9f1 (ad3870b89536) revision 11352176'; Using compiler version '192829333'; Build Type 'Release'
OS: 'Windows 11  (10.0.22621) 64bit Core' Language: 'en' Physical Memory: 16310 MB
BatchMode: 1, IsHumanControllingUs: 0, StartBugReporterOnCrash: 0, Is64bit: 1, IsPro: 1

COMMAND LINE ARGUMENTS:
C:\Program Files\Unity\Hub\Editor\2021.3.9f1\Editor\Unity.exe
-adb2
-batchMode
-noUpm
-name
AssetImportWorker0
-projectPath
F:/DATA/Codes/Unity Projects/CS583-3D-Game-Project/{Esc}
-logFile
Logs/AssetImportWorker0.log
-srvPort
56333
Successfully changed project path to: F:/DATA/Codes/Unity Projects/CS583-3D-Game-Project/{Esc}
F:/DATA/Codes/Unity Projects/CS583-3D-Game-Project/{Esc}
[UnityMemory] Configuration Parameters - Can be set up in boot.config
    "memorysetup-bucket-allocator-granularity=16"
    "memorysetup-bucket-allocator-bucket-count=8"
    "memorysetup-bucket-allocator-block-size=33554432"
    "memorysetup-bucket-allocator-block-count=8"
    "memorysetup-main-allocator-block-size=16777216"
    "memorysetup-thread-allocator-block-size=16777216"
    "memorysetup-gfx-main-allocator-block-size=16777216"
    "memorysetup-gfx-thread-allocator-block-size=16777216"
    "memorysetup-cache-allocator-block-size=4194304"
    "memorysetup-typetree-allocator-block-size=2097152"
    "memorysetup-profiler-bucket-allocator-granularity=16"
    "memorysetup-profiler-bucket-allocator-bucket-count=8"
    "memorysetup-profiler-bucket-allocator-block-size=33554432"
    "memorysetup-profiler-bucket-allocator-block-count=8"
    "memorysetup-profiler-allocator-block-size=16777216"
    "memorysetup-profiler-editor-allocator-block-size=1048576"
    "memorysetup-temp-allocator-size-main=16777216"
    "memorysetup-job-temp-allocator-block-size=2097152"
    "memorysetup-job-temp-allocator-block-size-background=1048576"
    "memorysetup-job-temp-allocator-reduction-small-platforms=262144"
    "memorysetup-temp-allocator-size-background-worker=32768"
    "memorysetup-temp-allocator-size-job-worker=262144"
    "memorysetup-temp-allocator-size-preload-manager=33554432"
    "memorysetup-temp-allocator-size-nav-mesh-worker=65536"
    "memorysetup-temp-allocator-size-audio-worker=65536"
    "memorysetup-temp-allocator-size-cloud-worker=32768"
    "memorysetup-temp-allocator-size-gi-baking-worker=262144"
    "memorysetup-temp-allocator-size-gfx=262144"
Refreshing native plugins compatible for Editor in 75.03 ms, found 3 plugins.
Preloading 0 native plugins for Editor in 0.00 ms.
Initialize engine version: 2021.3.9f1 (ad3870b89536)
[Subsystems] Discovering subsystems at path C:/Program Files/Unity/Hub/Editor/2021.3.9f1/Editor/Data/Resources/UnitySubsystems
[Subsystems] Discovering subsystems at path F:/DATA/Codes/Unity Projects/CS583-3D-Game-Project/{Esc}/Assets
GfxDevice: creating device client; threaded=0; jobified=0
Direct3D:
    Version:  Direct3D 11.0 [level 11.1]
    Renderer: NVIDIA GeForce RTX 3070 Ti (ID=0x2482)
    Vendor:   NVIDIA
    VRAM:     8031 MB
    Driver:   31.0.15.2698
Initialize mono
Mono path[0] = 'C:/Program Files/Unity/Hub/Editor/2021.3.9f1/Editor/Data/Managed'
Mono path[1] = 'C:/Program Files/Unity/Hub/Editor/2021.3.9f1/Editor/Data/MonoBleedingEdge/lib/mono/unityjit-win32'
Mono config path = 'C:/Program Files/Unity/Hub/Editor/2021.3.9f1/Editor/Data/MonoBleedingEdge/etc'
Using monoOptions --debugger-agent=transport=dt_socket,embedding=1,server=y,suspend=n,address=127.0.0.1:56704
Begin MonoManager ReloadAssembly
Registering precompiled unity dll's ...
Register platform support module: C:/Program Files/Unity/Hub/Editor/2021.3.9f1/Editor/Data/PlaybackEngines/WebGLSupport/UnityEditor.WebGL.Extensions.dll
Register platform support module: C:/Program Files/Unity/Hub/Editor/2021.3.9f1/Editor/Data/PlaybackEngines/MacStandaloneSupport/UnityEditor.OSXStandalone.Extensions.dll
Register platform support module: C:/Program Files/Unity/Hub/Editor/2021.3.9f1/Editor/Data/PlaybackEngines/AndroidPlayer/UnityEditor.Android.Extensions.dll
Register platform support module: C:/Program Files/Unity/Hub/Editor/2021.3.9f1/Editor/Data/PlaybackEngines/iOSSupport/UnityEditor.iOS.Extensions.dll
Register platform support module: C:/Program Files/Unity/Hub/Editor/2021.3.9f1/Editor/Data/PlaybackEngines/AppleTVSupport/UnityEditor.AppleTV.Extensions.dll
Register platform support module: C:/Program Files/Unity/Hub/Editor/2021.3.9f1/Editor/Data/PlaybackEngines/WindowsStandaloneSupport/UnityEditor.WindowsStandalone.Extensions.dll
Register platform support module: C:/Program Files/Unity/Hub/Editor/2021.3.9f1/Editor/Data/PlaybackEngines/MetroSupport/UnityEditor.UWP.Extensions.dll
Registered in 0.009333 seconds.
Native extension for UWP target not found
Native extension for WindowsStandalone target not found
[usbmuxd] Start listen thread
[usbmuxd] Listen thread started
[usbmuxd] Send listen message
Native extension for AppleTV target not found
[usbmuxd] Start listen thread
[usbmuxd] Listen thread started
[usbmuxd] Send listen message
Native extension for iOS target not found
Native extension for Android target not found
Native extension for OSXStandalone target not found
Native extension for WebGL target not found
Refreshing native plugins compatible for Editor in 82.78 ms, found 3 plugins.
Preloading 0 native plugins for Editor in 0.00 ms.
Mono: successfully reloaded assembly
- Completed reload, in  0.606 seconds
Domain Reload Profiling:
	ReloadAssembly (607ms)
		BeginReloadAssembly (61ms)
			ExecutionOrderSort (0ms)
			DisableScriptedObjects (0ms)
			BackupInstance (0ms)
			ReleaseScriptingObjects (0ms)
			CreateAndSetChildDomain (1ms)
		EndReloadAssembly (448ms)
			LoadAssemblies (61ms)
			RebuildTransferFunctionScriptingTraits (0ms)
			SetupTypeCache (91ms)
			ReleaseScriptCaches (0ms)
			RebuildScriptCaches (25ms)
			SetupLoadedEditorAssemblies (282ms)
				LogAssemblyErrors (0ms)
				InitializePlatformSupportModulesInManaged (73ms)
				SetLoadedEditorAssemblies (0ms)
				RefreshPlugins (83ms)
				BeforeProcessingInitializeOnLoad (1ms)
				ProcessInitializeOnLoadAttributes (86ms)
				ProcessInitializeOnLoadMethodAttributes (39ms)
				AfterProcessingInitializeOnLoad (0ms)
				EditorAssembliesLoaded (0ms)
			ExecutionOrderSort2 (0ms)
			AwakeInstancesAfterBackupRestoration (0ms)
Platform modules already initialized, skipping
Registering precompiled user dll's ...
Registered in 0.008994 seconds.
Begin MonoManager ReloadAssembly
Symbol file data-000002E3D4F17A40 doesn't match image F:\DATA\Codes\Unity Projects\CS583-3D-Game-Project\{Esc}\Library\ScriptAssemblies\Assembly-CSharp.dll
Symbol file LoadedFromMemory is not a mono symbol file
Symbol file data-000002E3D4F17A40 doesn't match image F:\DATA\Codes\Unity Projects\CS583-3D-Game-Project\{Esc}\Library\ScriptAssemblies\Assembly-CSharp-Editor.dll
Symbol file LoadedFromMemory is not a mono symbol file
Symbol file LoadedFromMemory doesn't match image F:\DATA\Codes\Unity Projects\CS583-3D-Game-Project\{Esc}\Library\PackageCache\com.unity.visualscripting@1.7.8\Editor\VisualScripting.Core\Dependencies\YamlDotNet\Unity.VisualScripting.YamlDotNet.dll
Symbol file LoadedFromMemory doesn't match image F:\DATA\Codes\Unity Projects\CS583-3D-Game-Project\{Esc}\Library\PackageCache\com.unity.visualscripting@1.7.8\Editor\VisualScripting.Core\Dependencies\DotNetZip\Unity.VisualScripting.IonicZip.dll
Native extension for UWP target not found
Native extension for WindowsStandalone target not found
Native extension for AppleTV target not found
Native extension for iOS target not found
Native extension for Android target not found
Native extension for OSXStandalone target not found
Native extension for WebGL target not found
Refreshing native plugins compatible for Editor in 0.55 ms, found 3 plugins.
Preloading 0 native plugins for Editor in 0.00 ms.
Mono: successfully reloaded assembly
- Completed reload, in  1.121 seconds
Domain Reload Profiling:
	ReloadAssembly (1122ms)
		BeginReloadAssembly (208ms)
			ExecutionOrderSort (0ms)
			DisableScriptedObjects (6ms)
			BackupInstance (0ms)
			ReleaseScriptingObjects (0ms)
			CreateAndSetChildDomain (125ms)
		EndReloadAssembly (807ms)
			LoadAssemblies (82ms)
			RebuildTransferFunctionScriptingTraits (0ms)
			SetupTypeCache (274ms)
			ReleaseScriptCaches (1ms)
			RebuildScriptCaches (51ms)
			SetupLoadedEditorAssemblies (355ms)
				LogAssemblyErrors (0ms)
				InitializePlatformSupportModulesInManaged (27ms)
				SetLoadedEditorAssemblies (0ms)
				RefreshPlugins (1ms)
				BeforeProcessingInitializeOnLoad (86ms)
				ProcessInitializeOnLoadAttributes (211ms)
				ProcessInitializeOnLoadMethodAttributes (23ms)
				AfterProcessingInitializeOnLoad (6ms)
				EditorAssembliesLoaded (0ms)
			ExecutionOrderSort2 (0ms)
			AwakeInstancesAfterBackupRestoration (5ms)
Platform modules already initialized, skipping
========================================================================
Worker process is ready to serve import requests
Launched and connected shader compiler UnityShaderCompiler.exe after 0.09 seconds
Refreshing native plugins compatible for Editor in 0.61 ms, found 3 plugins.
Preloading 0 native plugins for Editor in 0.00 ms.
Unloading 3396 Unused Serialized files (Serialized files now loaded: 0)
Unloading 27 unused Assets / (111.3 KB). Loaded Objects now: 3855.
Memory consumption went from 127.6 MB to 127.5 MB.
Total: 3.075100 ms (FindLiveObjects: 0.340400 ms CreateObjectMapping: 0.086700 ms MarkObjects: 2.546300 ms  DeleteObjects: 0.100600 ms)

AssetImportParameters requested are different than current active one (requested -> active):
  custom:video-decoder-ogg-theora: a1e56fd34408186e4bbccfd4996cb3dc -> 
  custom:container-muxer-webm: aa71ff27fc2769a1b78a27578f13a17b -> 
  custom:container-demuxer-webm: 4f35f7cbe854078d1ac9338744f61a02 -> 
  custom:video-encoder-webm-vp8: eb34c28f22e8b96e1ab97ce403110664 -> 
  custom:audio-encoder-webm-vorbis: bf7c407c2cedff20999df2af8eb42d56 -> 
  custom:framework-win-MediaFoundation: 216162199b28c13a410421893ffa2e32 -> 
  custom:container-demuxer-ogg: 62fdf1f143b41e24485cea50d1cbac27 -> 
  custom:video-decoder-webm-vp8: 9c59270c3fd7afecdb556c50c9e8de78 -> 
  custom:audio-decoder-ogg-vorbis: bf7c407c2cedff20999df2af8eb42d56 -> 
========================================================================
Received Import Request.
  Time since last request: 3473.901961 seconds.
  path: Assets/Scenes/passcode-lock.unity
  artifactKey: Guid(66d9ac46a4c443d4faa9575bee697086) Importer(815301076,1909f56bfc062723c751e8b465ee728b)
Start importing Assets/Scenes/passcode-lock.unity using Guid(66d9ac46a4c443d4faa9575bee697086) Importer(815301076,1909f56bfc062723c751e8b465ee728b)  -> (artifact id: '0577f5d1879e898e6180d4d8492798bd') in 0.009979 seconds 
========================================================================
Received Import Request.
  Time since last request: 0.000027 seconds.
  path: Assets/Scenes/Game.unity
  artifactKey: Guid(a88f70a3dd1fbee48ab26294f0a85388) Importer(815301076,1909f56bfc062723c751e8b465ee728b)
Start importing Assets/Scenes/Game.unity using Guid(a88f70a3dd1fbee48ab26294f0a85388) Importer(815301076,1909f56bfc062723c751e8b465ee728b)  -> (artifact id: '53c7ac53e2ba0ff24e96ab91e9326112') in 0.003197 seconds 
========================================================================
Received Import Request.
  Time since last request: 703.162326 seconds.
  path: Assets/Prefabs/PlayerPrefab.prefab
  artifactKey: Guid(6bc92e72d1db0f34a92ac5a59ed2f697) Importer(815301076,1909f56bfc062723c751e8b465ee728b)
Start importing Assets/Prefabs/PlayerPrefab.prefab using Guid(6bc92e72d1db0f34a92ac5a59ed2f697) Importer(815301076,1909f56bfc062723c751e8b465ee728b)  -> (artifact id: 'd5b0fb8bbdd1019acf8e30f93a916aa6') in 0.130603 seconds 
========================================================================
Received Import Request.
  Time since last request: 5.581348 seconds.
  path: Assets/Prefabs/PlayerPrefab.prefab
  artifactKey: Guid(6bc92e72d1db0f34a92ac5a59ed2f697) Importer(815301076,1909f56bfc062723c751e8b465ee728b)
Start importing Assets/Prefabs/PlayerPrefab.prefab using Guid(6bc92e72d1db0f34a92ac5a59ed2f697) Importer(815301076,1909f56bfc062723c751e8b465ee728b)  -> (artifact id: '0ac27764c1e6c119cfad4364bd606606') in 0.024604 seconds 
========================================================================
Received Import Request.
  Time since last request: 2.605974 seconds.
  path: Assets/Prefabs/PlayerPrefab.prefab
  artifactKey: Guid(6bc92e72d1db0f34a92ac5a59ed2f697) Importer(815301076,1909f56bfc062723c751e8b465ee728b)
Start importing Assets/Prefabs/PlayerPrefab.prefab using Guid(6bc92e72d1db0f34a92ac5a59ed2f697) Importer(815301076,1909f56bfc062723c751e8b465ee728b)  -> (artifact id: 'ec8ffb82f4fb84604531e1a1cb395df1') in 0.010407 seconds 
========================================================================
Received Import Request.
  Time since last request: 27.556994 seconds.
  path: Assets/PBR Ground Materials #1 [Dirt& Grass]
  artifactKey: Guid(ef2b0a8f32d0a294cbeb5001d10d20c5) Importer(815301076,1909f56bfc062723c751e8b465ee728b)
Start importing Assets/PBR Ground Materials #1 [Dirt& Grass] using Guid(ef2b0a8f32d0a294cbeb5001d10d20c5) Importer(815301076,1909f56bfc062723c751e8b465ee728b)  -> (artifact id: 'cce881488ab9606f7ae71e0c5e3c87e5') in 0.005007 seconds 
========================================================================
Received Import Request.
  Time since last request: 2.092563 seconds.
  path: Assets/PBR Ground Materials #1 [Dirt& Grass]/Textures
  artifactKey: Guid(2a2d029c2e8e41a449f8a35591f80b5b) Importer(815301076,1909f56bfc062723c751e8b465ee728b)
Start importing Assets/PBR Ground Materials #1 [Dirt& Grass]/Textures using Guid(2a2d029c2e8e41a449f8a35591f80b5b) Importer(815301076,1909f56bfc062723c751e8b465ee728b)  -> (artifact id: 'b287ffb46cb85c15895b4ea8d1255df8') in 0.004613 seconds 
========================================================================
Received Import Request.
  Time since last request: 1.246417 seconds.
  path: Assets/PBR Ground Materials #1 [Dirt& Grass]/Demo
  artifactKey: Guid(4fdec36e831efa942afadf787d3e8937) Importer(815301076,1909f56bfc062723c751e8b465ee728b)
Start importing Assets/PBR Ground Materials #1 [Dirt& Grass]/Demo using Guid(4fdec36e831efa942afadf787d3e8937) Importer(815301076,1909f56bfc062723c751e8b465ee728b)  -> (artifact id: '3b454f8cdb9c96584367cd76b2f6d813') in 0.005222 seconds 
========================================================================
Received Import Request.
  Time since last request: 0.338474 seconds.
  path: Assets/PBR Ground Materials #1 [Dirt& Grass]/Materials
  artifactKey: Guid(84d0017ec34ec9b439a1de332d0ed9dc) Importer(815301076,1909f56bfc062723c751e8b465ee728b)
Start importing Assets/PBR Ground Materials #1 [Dirt& Grass]/Materials using Guid(84d0017ec34ec9b439a1de332d0ed9dc) Importer(815301076,1909f56bfc062723c751e8b465ee728b)  -> (artifact id: '056bbecc1d7c8652240b06ec2c38500e') in 0.005039 seconds 
========================================================================
Received Import Request.
  Time since last request: 0.618181 seconds.
  path: Assets/PBR Ground Materials #1 [Dirt& Grass]/Materials/Dirt
  artifactKey: Guid(b2e6ebd7ed4c8414c860951f8a4c8cc4) Importer(815301076,1909f56bfc062723c751e8b465ee728b)
Start importing Assets/PBR Ground Materials #1 [Dirt& Grass]/Materials/Dirt using Guid(b2e6ebd7ed4c8414c860951f8a4c8cc4) Importer(815301076,1909f56bfc062723c751e8b465ee728b)  -> (artifact id: 'b5a23c7397019b657059bf951941e953') in 0.004396 seconds 
========================================================================
Received Import Request.
  Time since last request: 0.047039 seconds.
  path: Assets/PBR Ground Materials #1 [Dirt& Grass]/Materials/Dirt/Dirt_02.mat
  artifactKey: Guid(d4bc7e9388dec76428cf9d7b654d73ef) Importer(815301076,1909f56bfc062723c751e8b465ee728b)
Start importing Assets/PBR Ground Materials #1 [Dirt& Grass]/Materials/Dirt/Dirt_02.mat using Guid(d4bc7e9388dec76428cf9d7b654d73ef) Importer(815301076,1909f56bfc062723c751e8b465ee728b)  -> (artifact id: '9ad678ee88ef508772e84bb6ce3e2d28') in 0.293882 seconds 
========================================================================
Received Import Request.
  Time since last request: 0.000027 seconds.
  path: Assets/PBR Ground Materials #1 [Dirt& Grass]/Materials/Dirt/Dirt_25.mat
  artifactKey: Guid(faf654f6f9d26e346aa0a07203a55aaf) Importer(815301076,1909f56bfc062723c751e8b465ee728b)
Start importing Assets/PBR Ground Materials #1 [Dirt& Grass]/Materials/Dirt/Dirt_25.mat using Guid(faf654f6f9d26e346aa0a07203a55aaf) Importer(815301076,1909f56bfc062723c751e8b465ee728b)  -> (artifact id: '8fc6d3208a5acdd48469b874a3c7cdd2') in 0.016943 seconds 
========================================================================
Received Import Request.
  Time since last request: 0.000021 seconds.
  path: Assets/PBR Ground Materials #1 [Dirt& Grass]/Materials/Dirt/Dirt_20.mat
  artifactKey: Guid(6af1c6deda2a1b742917c1caa97b82f0) Importer(815301076,1909f56bfc062723c751e8b465ee728b)
Start importing Assets/PBR Ground Materials #1 [Dirt& Grass]/Materials/Dirt/Dirt_20.mat using Guid(6af1c6deda2a1b742917c1caa97b82f0) Importer(815301076,1909f56bfc062723c751e8b465ee728b)  -> (artifact id: 'c1b289fbd0756a16551c748e1916468f') in 0.018673 seconds 
========================================================================
Received Import Request.
  Time since last request: 0.000018 seconds.
  path: Assets/PBR Ground Materials #1 [Dirt& Grass]/Materials/Dirt/Dirt_08.mat
  artifactKey: Guid(395def56f962b5b4e9b2f3f4dae9c9b9) Importer(815301076,1909f56bfc062723c751e8b465ee728b)
Start importing Assets/PBR Ground Materials #1 [Dirt& Grass]/Materials/Dirt/Dirt_08.mat using Guid(395def56f962b5b4e9b2f3f4dae9c9b9) Importer(815301076,1909f56bfc062723c751e8b465ee728b)  -> (artifact id: '1bf952662fe26e9c19322ad6b3aaad50') in 0.018310 seconds 
========================================================================
Received Import Request.
  Time since last request: 6.811251 seconds.
  path: Assets/PBR Ground Materials #1 [Dirt& Grass]/Materials/Grass
  artifactKey: Guid(038735602660a85418863696b06f1579) Importer(815301076,1909f56bfc062723c751e8b465ee728b)
Start importing Assets/PBR Ground Materials #1 [Dirt& Grass]/Materials/Grass using Guid(038735602660a85418863696b06f1579) Importer(815301076,1909f56bfc062723c751e8b465ee728b)  -> (artifact id: '9d73ef28f8583cb5e54e6f3d45314626') in 0.004696 seconds 
========================================================================
Received Import Request.
  Time since last request: 2.206062 seconds.
  path: Assets/PBR Ground Materials #1 [Dirt& Grass]/Demo/DemoScene.unity
  artifactKey: Guid(f056d6bf9636129469ae043ed2579995) Importer(815301076,1909f56bfc062723c751e8b465ee728b)
Start importing Assets/PBR Ground Materials #1 [Dirt& Grass]/Demo/DemoScene.unity using Guid(f056d6bf9636129469ae043ed2579995) Importer(815301076,1909f56bfc062723c751e8b465ee728b)  -> (artifact id: '64101fb2a46fe3cdefced76bee540cd0') in 0.004944 seconds 
========================================================================
Received Import Request.
  Time since last request: 9.545422 seconds.
  path: Assets/PBR Ground Materials #1 [Dirt& Grass]/Documentation.txt
  artifactKey: Guid(ad5934ec950b8b243aa53247e73a68a2) Importer(815301076,1909f56bfc062723c751e8b465ee728b)
Start importing Assets/PBR Ground Materials #1 [Dirt& Grass]/Documentation.txt using Guid(ad5934ec950b8b243aa53247e73a68a2) Importer(815301076,1909f56bfc062723c751e8b465ee728b)  -> (artifact id: 'a8eb442b33b04192c307b81aefa6fe4a') in 0.029713 seconds 
========================================================================
Received Import Request.
  Time since last request: 11.852352 seconds.
  path: Assets/Scenes/passcode-lock.unity
  artifactKey: Guid(66d9ac46a4c443d4faa9575bee697086) Importer(815301076,1909f56bfc062723c751e8b465ee728b)
Start importing Assets/Scenes/passcode-lock.unity using Guid(66d9ac46a4c443d4faa9575bee697086) Importer(815301076,1909f56bfc062723c751e8b465ee728b)  -> (artifact id: 'a3511629965cfa619bb5f6cedda64842') in 0.002260 seconds 
========================================================================
Received Import Request.
  Time since last request: 28.719410 seconds.
  path: Assets/PBR Ground Materials #1 [Dirt& Grass]/Materials/Grass/Grass_04.mat
  artifactKey: Guid(aac82d0173ce9ca44a549e9aa3082df1) Importer(815301076,1909f56bfc062723c751e8b465ee728b)
Start importing Assets/PBR Ground Materials #1 [Dirt& Grass]/Materials/Grass/Grass_04.mat using Guid(aac82d0173ce9ca44a549e9aa3082df1) Importer(815301076,1909f56bfc062723c751e8b465ee728b)  -> (artifact id: 'c560a1a78e6c2965fc3762d1fd332eea') in 0.030393 seconds 
========================================================================
Received Import Request.
  Time since last request: 35.261797 seconds.
  path: Packages/com.unity.timeline/Editor/StyleSheets/Images/Icons/d_TimelineCollapseMarkerButtonEnabled.png
  artifactKey: Guid(2446ee609b613cd4e9142ccc55cb7c43) Importer(815301076,1909f56bfc062723c751e8b465ee728b)
Start importing Packages/com.unity.timeline/Editor/StyleSheets/Images/Icons/d_TimelineCollapseMarkerButtonEnabled.png using Guid(2446ee609b613cd4e9142ccc55cb7c43) Importer(815301076,1909f56bfc062723c751e8b465ee728b)  -> (artifact id: '5a9b3d929bbd1b2b6add3739c4980d45') in 0.063942 seconds 
========================================================================
Received Import Request.
  Time since last request: 0.000020 seconds.
  path: Packages/com.unity.timeline/Editor/StyleSheets/Images/Icons/d_TrackAvatarButtonEnabled@2x.png
  artifactKey: Guid(fd12dbe3b63ae464f824b4a74c0e1766) Importer(815301076,1909f56bfc062723c751e8b465ee728b)
Start importing Packages/com.unity.timeline/Editor/StyleSheets/Images/Icons/d_TrackAvatarButtonEnabled@2x.png using Guid(fd12dbe3b63ae464f824b4a74c0e1766) Importer(815301076,1909f56bfc062723c751e8b465ee728b)  -> (artifact id: '746d0e1e07b83377ad0dd447d3e8dd52') in 0.033744 seconds 
========================================================================
Received Import Request.
  Time since last request: 0.000019 seconds.
  path: Packages/com.unity.timeline/Editor/StyleSheets/Images/Icons/d_TimelineHeaderMarkerIcon.png
  artifactKey: Guid(4f8d98ef7dbbe3d469e14c04722cbeed) Importer(815301076,1909f56bfc062723c751e8b465ee728b)
Start importing Packages/com.unity.timeline/Editor/StyleSheets/Images/Icons/d_TimelineHeaderMarkerIcon.png using Guid(4f8d98ef7dbbe3d469e14c04722cbeed) Importer(815301076,1909f56bfc062723c751e8b465ee728b)  -> (artifact id: 'f96f55067cc8d47fabba7481a853845c') in 0.121601 seconds 
========================================================================
Received Import Request.
  Time since last request: 0.000019 seconds.
  path: Packages/com.unity.timeline/Editor/StyleSheets/Images/Icons/d_TrackMarkerButtonDisabled@2x.png
  artifactKey: Guid(77d926c9a4ddcc940b8c000b45cbfb35) Importer(815301076,1909f56bfc062723c751e8b465ee728b)
Start importing Packages/com.unity.timeline/Editor/StyleSheets/Images/Icons/d_TrackMarkerButtonDisabled@2x.png using Guid(77d926c9a4ddcc940b8c000b45cbfb35) Importer(815301076,1909f56bfc062723c751e8b465ee728b)  -> (artifact id: '738e81fb2e13e16024c572ca9b721295') in 0.095633 seconds 
========================================================================
Received Import Request.
  Time since last request: 0.000024 seconds.
  path: Packages/com.unity.timeline/Editor/StyleSheets/Images/Icons/d_TimelineSignal.png
  artifactKey: Guid(ad2e3e92b00839c4e991ca602ef19822) Importer(815301076,1909f56bfc062723c751e8b465ee728b)
Start importing Packages/com.unity.timeline/Editor/StyleSheets/Images/Icons/d_TimelineSignal.png using Guid(ad2e3e92b00839c4e991ca602ef19822) Importer(815301076,1909f56bfc062723c751e8b465ee728b)  -> (artifact id: '89a6ff092b4f3f14b951d474e4f983af') in 0.161835 seconds 
========================================================================
Received Import Request.
  Time since last request: 0.000023 seconds.
  path: Packages/com.unity.timeline/Editor/StyleSheets/Images/Icons/d_TimelineEditModeMixOFF.png
  artifactKey: Guid(39d9575ed0465354cb02b69ea18526de) Importer(815301076,1909f56bfc062723c751e8b465ee728b)
Start importing Packages/com.unity.timeline/Editor/StyleSheets/Images/Icons/d_TimelineEditModeMixOFF.png using Guid(39d9575ed0465354cb02b69ea18526de) Importer(815301076,1909f56bfc062723c751e8b465ee728b)  -> (artifact id: '5ba1f3dabfd11ea6521626502314f88e') in 0.071001 seconds 
========================================================================
Received Import Request.
  Time since last request: 0.000018 seconds.
  path: Packages/com.unity.timeline/Editor/StyleSheets/Images/Icons/d_TimelineSelector.png
  artifactKey: Guid(06bf6150656339941aa98e175a995445) Importer(815301076,1909f56bfc062723c751e8b465ee728b)
Start importing Packages/com.unity.timeline/Editor/StyleSheets/Images/Icons/d_TimelineSelector.png using Guid(06bf6150656339941aa98e175a995445) Importer(815301076,1909f56bfc062723c751e8b465ee728b)  -> (artifact id: '45dcf7694789ba1f7168e89a2afa38f5') in 0.013088 seconds 
========================================================================
Received Import Request.
  Time since last request: 0.000026 seconds.
  path: Packages/com.unity.timeline/Editor/StyleSheets/Images/Icons/d_TrackCurvesButtonEnabled@2x.png
  artifactKey: Guid(43ed4593c5ddda0439fcc1bdaf8309fe) Importer(815301076,1909f56bfc062723c751e8b465ee728b)
Start importing Packages/com.unity.timeline/Editor/StyleSheets/Images/Icons/d_TrackCurvesButtonEnabled@2x.png using Guid(43ed4593c5ddda0439fcc1bdaf8309fe) Importer(815301076,1909f56bfc062723c751e8b465ee728b)  -> (artifact id: 'fdb8c628c2d818fab25e007209c5ebf5') in 0.086226 seconds 
========================================================================
Received Import Request.
  Time since last request: 0.000032 seconds.
  path: Packages/com.unity.timeline/Editor/StyleSheets/Images/Icons/d_TimelineEditModeMixON.png
  artifactKey: Guid(7c681ffb5a436684fa3e98a9b66775c0) Importer(815301076,1909f56bfc062723c751e8b465ee728b)
Start importing Packages/com.unity.timeline/Editor/StyleSheets/Images/Icons/d_TimelineEditModeMixON.png using Guid(7c681ffb5a436684fa3e98a9b66775c0) Importer(815301076,1909f56bfc062723c751e8b465ee728b)  -> (artifact id: 'ff4ec024c083f5f637b57b09fc4e99f7') in 0.082564 seconds 
========================================================================
Received Import Request.
  Time since last request: 0.000019 seconds.
  path: Packages/com.unity.timeline/Editor/StyleSheets/Images/Icons/d_TrackCurvesButtonEnabled.png
  artifactKey: Guid(fbcdeb07ee516a64daa01ce462874280) Importer(815301076,1909f56bfc062723c751e8b465ee728b)
Start importing Packages/com.unity.timeline/Editor/StyleSheets/Images/Icons/d_TrackCurvesButtonEnabled.png using Guid(fbcdeb07ee516a64daa01ce462874280) Importer(815301076,1909f56bfc062723c751e8b465ee728b)  -> (artifact id: '99429c1c80a05c860ede53f62f649e9a') in 0.017344 seconds 
========================================================================
Received Import Request.
  Time since last request: 0.641726 seconds.
  path: Packages/com.unity.timeline/Editor/StyleSheets/Images/Icons/d_TrackMuteButtonDisabled@2x.png
  artifactKey: Guid(9c706019afb28944eb19b500ea0da38c) Importer(815301076,1909f56bfc062723c751e8b465ee728b)
Start importing Packages/com.unity.timeline/Editor/StyleSheets/Images/Icons/d_TrackMuteButtonDisabled@2x.png using Guid(9c706019afb28944eb19b500ea0da38c) Importer(815301076,1909f56bfc062723c751e8b465ee728b)  -> (artifact id: '7e985dc84649112e6ce91615bcbd4afc') in 0.187231 seconds 
========================================================================
Received Import Request.
  Time since last request: 0.000024 seconds.
  path: Assets/PBR Ground Materials #1 [Dirt& Grass]/Textures/Grass_01/Grass_01_Height.tga
  artifactKey: Guid(c4b9aede17dc14141a63fb6227033bf7) Importer(815301076,1909f56bfc062723c751e8b465ee728b)
Start importing Assets/PBR Ground Materials #1 [Dirt& Grass]/Textures/Grass_01/Grass_01_Height.tga using Guid(c4b9aede17dc14141a63fb6227033bf7) Importer(815301076,1909f56bfc062723c751e8b465ee728b)  -> (artifact id: 'c30c1ba70843dff521a50d3cae6ae240') in 0.016016 seconds 
========================================================================
Received Import Request.
  Time since last request: 0.000026 seconds.
  path: Assets/PBR Ground Materials #1 [Dirt& Grass]/Textures/Dirt_08/Dirt_08_Normal.tga
  artifactKey: Guid(5b568a142f864c64a86f734fe4aff336) Importer(815301076,1909f56bfc062723c751e8b465ee728b)
Start importing Assets/PBR Ground Materials #1 [Dirt& Grass]/Textures/Dirt_08/Dirt_08_Normal.tga using Guid(5b568a142f864c64a86f734fe4aff336) Importer(815301076,1909f56bfc062723c751e8b465ee728b)  -> (artifact id: '5bda5fae3f80b130fd9a7f261853034f') in 0.017138 seconds 
========================================================================
Received Import Request.
  Time since last request: 0.000022 seconds.
  path: Assets/PBR Ground Materials #1 [Dirt& Grass]/Textures/Grass_08/Grass_08_Specular.tga
  artifactKey: Guid(8cf49a8f49da1204f818957a59606b7d) Importer(815301076,1909f56bfc062723c751e8b465ee728b)
Start importing Assets/PBR Ground Materials #1 [Dirt& Grass]/Textures/Grass_08/Grass_08_Specular.tga using Guid(8cf49a8f49da1204f818957a59606b7d) Importer(815301076,1909f56bfc062723c751e8b465ee728b)  -> (artifact id: 'bb220d7d571e7d89f16bc13a6cec4810') in 0.011682 seconds 
========================================================================
Received Import Request.
  Time since last request: 0.000015 seconds.
  path: Assets/TextMesh Pro/Resources/Fonts & Materials/LiberationSans SDF - Fallback.asset
  artifactKey: Guid(2e498d1c8094910479dc3e1b768306a4) Importer(815301076,1909f56bfc062723c751e8b465ee728b)
Start importing Assets/TextMesh Pro/Resources/Fonts & Materials/LiberationSans SDF - Fallback.asset using Guid(2e498d1c8094910479dc3e1b768306a4) Importer(815301076,1909f56bfc062723c751e8b465ee728b)  -> (artifact id: '0138cb4aa5841fa638db31bc22925da3') in 0.585098 seconds 
========================================================================
Received Import Request.
  Time since last request: 0.000025 seconds.
  path: Assets/PBR Ground Materials #1 [Dirt& Grass]/Textures/Grass_08/Grass_08_Ambient_Occlusion.tga
  artifactKey: Guid(4a60ae4d524c03542b2e9ecb69733936) Importer(815301076,1909f56bfc062723c751e8b465ee728b)
Start importing Assets/PBR Ground Materials #1 [Dirt& Grass]/Textures/Grass_08/Grass_08_Ambient_Occlusion.tga using Guid(4a60ae4d524c03542b2e9ecb69733936) Importer(815301076,1909f56bfc062723c751e8b465ee728b)  -> (artifact id: 'c53f94c6c54769d70a4b9066bc9ea337') in 0.012300 seconds 
========================================================================
Received Import Request.
  Time since last request: 0.000025 seconds.
  path: Packages/com.unity.timeline/Editor/StyleSheets/Images/LightSkin/TimelineAutokey_active.png
  artifactKey: Guid(0a5e3e063c4e1ab45999cf6e40c13c07) Importer(815301076,1909f56bfc062723c751e8b465ee728b)
Start importing Packages/com.unity.timeline/Editor/StyleSheets/Images/LightSkin/TimelineAutokey_active.png using Guid(0a5e3e063c4e1ab45999cf6e40c13c07) Importer(815301076,1909f56bfc062723c751e8b465ee728b)  -> (artifact id: '5dc9c24caea841fd1be3233908c8dc56') in 0.016607 seconds 
========================================================================
Received Import Request.
  Time since last request: 0.000021 seconds.
  path: Assets/PBR Ground Materials #1 [Dirt& Grass]/Textures/Grass_07/Grass_07_Specular.tga
  artifactKey: Guid(c7041c13c5f389f4f90255030e0d5143) Importer(815301076,1909f56bfc062723c751e8b465ee728b)
Start importing Assets/PBR Ground Materials #1 [Dirt& Grass]/Textures/Grass_07/Grass_07_Specular.tga using Guid(c7041c13c5f389f4f90255030e0d5143) Importer(815301076,1909f56bfc062723c751e8b465ee728b)  -> (artifact id: 'faf632ec986638fd83de155b6faabef4') in 0.016047 seconds 
========================================================================
Received Import Request.
  Time since last request: 0.000018 seconds.
  path: Assets/PBR Ground Materials #1 [Dirt& Grass]/Textures/Dirt_08/Dirt_08_Height.tga
  artifactKey: Guid(a9b5d5f0c555a624aa4e8968e7445631) Importer(815301076,1909f56bfc062723c751e8b465ee728b)
Start importing Assets/PBR Ground Materials #1 [Dirt& Grass]/Textures/Dirt_08/Dirt_08_Height.tga using Guid(a9b5d5f0c555a624aa4e8968e7445631) Importer(815301076,1909f56bfc062723c751e8b465ee728b)  -> (artifact id: '2eb205c331427abfbb8f06cbeaab5f42') in 0.015313 seconds 
========================================================================
Received Import Request.
  Time since last request: 0.000016 seconds.
  path: Packages/com.unity.timeline/Editor/StyleSheets/Images/Icons/d_TrackRecordButtonDisabled@2x.png
  artifactKey: Guid(db15c78579dee4a4db85f392634c8ecc) Importer(815301076,1909f56bfc062723c751e8b465ee728b)
Start importing Packages/com.unity.timeline/Editor/StyleSheets/Images/Icons/d_TrackRecordButtonDisabled@2x.png using Guid(db15c78579dee4a4db85f392634c8ecc) Importer(815301076,1909f56bfc062723c751e8b465ee728b)  -> (artifact id: '2e3671476c97bfce02c6f085dd94f6aa') in 0.014513 seconds 
========================================================================
Received Import Request.
  Time since last request: 0.000014 seconds.
  path: Assets/PBR Ground Materials #1 [Dirt& Grass]/Textures/Grass_01/Grass_01_Diffuse.tga
  artifactKey: Guid(2d34d14812981764dae590f00382e0d4) Importer(815301076,1909f56bfc062723c751e8b465ee728b)
Start importing Assets/PBR Ground Materials #1 [Dirt& Grass]/Textures/Grass_01/Grass_01_Diffuse.tga using Guid(2d34d14812981764dae590f00382e0d4) Importer(815301076,1909f56bfc062723c751e8b465ee728b)  -> (artifact id: 'cd2eb2a4ceb533fb97acc7c470ac3022') in 0.011612 seconds 
========================================================================
Received Import Request.
  Time since last request: 0.000017 seconds.
  path: Assets/PBR Ground Materials #1 [Dirt& Grass]/Textures/Grass_01/Grass_01_Normal.tga
  artifactKey: Guid(ed553bf8d6a7b8c439e6297653c5b240) Importer(815301076,1909f56bfc062723c751e8b465ee728b)
Start importing Assets/PBR Ground Materials #1 [Dirt& Grass]/Textures/Grass_01/Grass_01_Normal.tga using Guid(ed553bf8d6a7b8c439e6297653c5b240) Importer(815301076,1909f56bfc062723c751e8b465ee728b)  -> (artifact id: 'efa96001c630dc72c7a2880b1e258a05') in 0.011871 seconds 
========================================================================
Received Import Request.
  Time since last request: 0.000017 seconds.
  path: Assets/PBR Ground Materials #1 [Dirt& Grass]/Textures/Dirt_29/Dirt_29_Ambient_Occlusion.tga
  artifactKey: Guid(65642bc9378707d4ab3a7be528b586cb) Importer(815301076,1909f56bfc062723c751e8b465ee728b)
Start importing Assets/PBR Ground Materials #1 [Dirt& Grass]/Textures/Dirt_29/Dirt_29_Ambient_Occlusion.tga using Guid(65642bc9378707d4ab3a7be528b586cb) Importer(815301076,1909f56bfc062723c751e8b465ee728b)  -> (artifact id: 'a109161165d9b5f7c106afc64fd75835') in 0.011658 seconds 
========================================================================
Received Import Request.
  Time since last request: 0.000015 seconds.
  path: Assets/PBR Ground Materials #1 [Dirt& Grass]/Textures/Dirt_02/Dirt_02_Height.tga
  artifactKey: Guid(f89736705aca9c944ad61a8948285374) Importer(815301076,1909f56bfc062723c751e8b465ee728b)
Start importing Assets/PBR Ground Materials #1 [Dirt& Grass]/Textures/Dirt_02/Dirt_02_Height.tga using Guid(f89736705aca9c944ad61a8948285374) Importer(815301076,1909f56bfc062723c751e8b465ee728b)  -> (artifact id: '0aba829ac90d020c7a56649f96dbbca8') in 0.010299 seconds 
========================================================================
Received Import Request.
  Time since last request: 0.000016 seconds.
  path: Assets/PBR Ground Materials #1 [Dirt& Grass]/Textures/Grass_07/Grass_07_Ambient_Occlusion.tga
  artifactKey: Guid(a47249159011c4642a33c676db911ffb) Importer(815301076,1909f56bfc062723c751e8b465ee728b)
Start importing Assets/PBR Ground Materials #1 [Dirt& Grass]/Textures/Grass_07/Grass_07_Ambient_Occlusion.tga using Guid(a47249159011c4642a33c676db911ffb) Importer(815301076,1909f56bfc062723c751e8b465ee728b)  -> (artifact id: '39059e219dbcc5f1afa1de90420189dd') in 0.010715 seconds 
========================================================================
Received Import Request.
  Time since last request: 0.000016 seconds.
  path: Assets/PBR Ground Materials #1 [Dirt& Grass]/Textures/Dirt_25/Dirt_25_Specular.tga
  artifactKey: Guid(0a486987d748bd141a01b868cd3219b4) Importer(815301076,1909f56bfc062723c751e8b465ee728b)
Start importing Assets/PBR Ground Materials #1 [Dirt& Grass]/Textures/Dirt_25/Dirt_25_Specular.tga using Guid(0a486987d748bd141a01b868cd3219b4) Importer(815301076,1909f56bfc062723c751e8b465ee728b)  -> (artifact id: '3b35ef3e04fc407b7577e10333c0d4a2') in 0.011684 seconds 
========================================================================
Received Import Request.
  Time since last request: 0.000021 seconds.
  path: Packages/com.unity.timeline/Editor/StyleSheets/Images/LightSkin/TimelineEndPlayback.png
  artifactKey: Guid(6952cd3b0f88917449a8fa4d19fc5009) Importer(815301076,1909f56bfc062723c751e8b465ee728b)
Start importing Packages/com.unity.timeline/Editor/StyleSheets/Images/LightSkin/TimelineEndPlayback.png using Guid(6952cd3b0f88917449a8fa4d19fc5009) Importer(815301076,1909f56bfc062723c751e8b465ee728b)  -> (artifact id: '46f040c0c6b82100e4b24f819e06bf55') in 0.015972 seconds 
========================================================================
Received Import Request.
  Time since last request: 0.000016 seconds.
  path: Packages/com.unity.timeline/Editor/StyleSheets/Images/LightSkin/TimelineIconClipIn.png
  artifactKey: Guid(4171b549947246b4f9579419d5698a7e) Importer(815301076,1909f56bfc062723c751e8b465ee728b)
Start importing Packages/com.unity.timeline/Editor/StyleSheets/Images/LightSkin/TimelineIconClipIn.png using Guid(4171b549947246b4f9579419d5698a7e) Importer(815301076,1909f56bfc062723c751e8b465ee728b)  -> (artifact id: 'b97443c1d8e725d1d9eb2c5f8299e23f') in 0.011545 seconds 
========================================================================
Received Import Request.
  Time since last request: 0.000023 seconds.
  path: Packages/com.unity.timeline/Editor/StyleSheets/Images/Icons/d_TrackRecordButtonEnabled.png
  artifactKey: Guid(0e5ba0f04df278944a8f5a62f64f5aa6) Importer(815301076,1909f56bfc062723c751e8b465ee728b)
Start importing Packages/com.unity.timeline/Editor/StyleSheets/Images/Icons/d_TrackRecordButtonEnabled.png using Guid(0e5ba0f04df278944a8f5a62f64f5aa6) Importer(815301076,1909f56bfc062723c751e8b465ee728b)  -> (artifact id: '85a2cd35312127d4817d31bd33387110') in 0.012695 seconds 
========================================================================
Received Import Request.
  Time since last request: 0.000020 seconds.
  path: Packages/com.unity.timeline/Editor/StyleSheets/Images/LightSkin/TimelineAutokey@2x.png
  artifactKey: Guid(cf3fbf98d5c3f1941bd9c0256918a4c8) Importer(815301076,1909f56bfc062723c751e8b465ee728b)
Start importing Packages/com.unity.timeline/Editor/StyleSheets/Images/LightSkin/TimelineAutokey@2x.png using Guid(cf3fbf98d5c3f1941bd9c0256918a4c8) Importer(815301076,1909f56bfc062723c751e8b465ee728b)  -> (artifact id: '946d8473a0e20a51aca43137eaecb7c1') in 0.012172 seconds 
========================================================================
Received Import Request.
  Time since last request: 0.000026 seconds.
  path: Packages/com.unity.timeline/Editor/StyleSheets/Images/DarkSkin/TimelineInfiniteTrackNoShadow.png
  artifactKey: Guid(eae63adb172f1164db61a7f4bdfc3637) Importer(815301076,1909f56bfc062723c751e8b465ee728b)
Start importing Packages/com.unity.timeline/Editor/StyleSheets/Images/DarkSkin/TimelineInfiniteTrackNoShadow.png using Guid(eae63adb172f1164db61a7f4bdfc3637) Importer(815301076,1909f56bfc062723c751e8b465ee728b)  -> (artifact id: 'ad2275323ff7834cd967223abb7fee6f') in 0.011709 seconds 
========================================================================
Received Import Request.
  Time since last request: 0.000015 seconds.
  path: Assets/PBR Ground Materials #1 [Dirt& Grass]/Textures/Dirt_20/Dirt_20_Ambient_Occlusion.tga
  artifactKey: Guid(14151b0ef3a90ed409d95edd4c861442) Importer(815301076,1909f56bfc062723c751e8b465ee728b)
Start importing Assets/PBR Ground Materials #1 [Dirt& Grass]/Textures/Dirt_20/Dirt_20_Ambient_Occlusion.tga using Guid(14151b0ef3a90ed409d95edd4c861442) Importer(815301076,1909f56bfc062723c751e8b465ee728b)  -> (artifact id: 'd9dfcfcdf3e56f7b5f4de4e0702681d7') in 0.010649 seconds 
========================================================================
Received Import Request.
  Time since last request: 0.000014 seconds.
  path: Packages/com.unity.timeline/Editor/StyleSheets/Images/Icons/TimelineCollapseMarkerButtonEnabled.png
  artifactKey: Guid(0367ce1ebbbb18940b79eed63a0315d5) Importer(815301076,1909f56bfc062723c751e8b465ee728b)
Start importing Packages/com.unity.timeline/Editor/StyleSheets/Images/Icons/TimelineCollapseMarkerButtonEnabled.png using Guid(0367ce1ebbbb18940b79eed63a0315d5) Importer(815301076,1909f56bfc062723c751e8b465ee728b)  -> (artifact id: '069ebce14e478c777dd79cdb5a7f6f42') in 0.011918 seconds 
========================================================================
Received Import Request.
  Time since last request: 0.000016 seconds.
  path: Packages/com.unity.timeline/Editor/StyleSheets/Images/LightSkin/TimelineIconClipOut.png
  artifactKey: Guid(a7a968b204ed77c4ba90be3ef3ee8551) Importer(815301076,1909f56bfc062723c751e8b465ee728b)
Start importing Packages/com.unity.timeline/Editor/StyleSheets/Images/LightSkin/TimelineIconClipOut.png using Guid(a7a968b204ed77c4ba90be3ef3ee8551) Importer(815301076,1909f56bfc062723c751e8b465ee728b)  -> (artifact id: '5e7561802ab89d98899503094e99a761') in 0.097868 seconds 
========================================================================
Received Import Request.
  Time since last request: 0.000014 seconds.
  path: Assets/PBR Ground Materials #1 [Dirt& Grass]/Textures/Grass_04/Grass_04_Height.tga
  artifactKey: Guid(3de4fa0ba5b9e7b4c9b2aed48804e5f4) Importer(815301076,1909f56bfc062723c751e8b465ee728b)
Start importing Assets/PBR Ground Materials #1 [Dirt& Grass]/Textures/Grass_04/Grass_04_Height.tga using Guid(3de4fa0ba5b9e7b4c9b2aed48804e5f4) Importer(815301076,1909f56bfc062723c751e8b465ee728b)  -> (artifact id: '2b6fa23ae28403a17f377b743637cec5') in 0.011546 seconds 
========================================================================
Received Import Request.
  Time since last request: 0.000016 seconds.
  path: Packages/com.unity.timeline/Editor/StyleSheets/Images/DarkSkin/TimelineEndPlayback.png
  artifactKey: Guid(c285802d9d414814fad592b90b223f15) Importer(815301076,1909f56bfc062723c751e8b465ee728b)
Start importing Packages/com.unity.timeline/Editor/StyleSheets/Images/DarkSkin/TimelineEndPlayback.png using Guid(c285802d9d414814fad592b90b223f15) Importer(815301076,1909f56bfc062723c751e8b465ee728b)  -> (artifact id: '9b16b81318cd2697f685bdf2bb67d782') in 0.011139 seconds 
========================================================================
Received Import Request.
  Time since last request: 0.000016 seconds.
  path: Packages/com.unity.timeline/Editor/StyleSheets/Images/Icons/TimelineClipFG.png
  artifactKey: Guid(33b1871a2d09cfa459a93f4e8feb5c41) Importer(815301076,1909f56bfc062723c751e8b465ee728b)
Start importing Packages/com.unity.timeline/Editor/StyleSheets/Images/Icons/TimelineClipFG.png using Guid(33b1871a2d09cfa459a93f4e8feb5c41) Importer(815301076,1909f56bfc062723c751e8b465ee728b)  -> (artifact id: '34a3e11622033810c24142d18048018e') in 0.012637 seconds 
========================================================================
Received Import Request.
  Time since last request: 0.000015 seconds.
  path: Packages/com.unity.timeline/Editor/StyleSheets/Images/LightSkin/TimelineHold.png
  artifactKey: Guid(a09fd8b5d9396c24a96a6de50cddc3b9) Importer(815301076,1909f56bfc062723c751e8b465ee728b)
Start importing Packages/com.unity.timeline/Editor/StyleSheets/Images/LightSkin/TimelineHold.png using Guid(a09fd8b5d9396c24a96a6de50cddc3b9) Importer(815301076,1909f56bfc062723c751e8b465ee728b)  -> (artifact id: '07808d23c03c9cfafa6a219aeabfd52a') in 0.094499 seconds 
========================================================================
Received Import Request.
  Time since last request: 0.000017 seconds.
  path: Packages/com.unity.timeline/Editor/StyleSheets/Images/Icons/TimelineHeaderMarkerIcon.png
  artifactKey: Guid(bf1debab21103154b99778ba6e074175) Importer(815301076,1909f56bfc062723c751e8b465ee728b)
Start importing Packages/com.unity.timeline/Editor/StyleSheets/Images/Icons/TimelineHeaderMarkerIcon.png using Guid(bf1debab21103154b99778ba6e074175) Importer(815301076,1909f56bfc062723c751e8b465ee728b)  -> (artifact id: 'd8ebf8a3a8d7fbf68bc22290343ca9dc') in 0.386439 seconds 
========================================================================
Received Import Request.
  Time since last request: 0.000035 seconds.
  path: Packages/com.unity.timeline/Editor/StyleSheets/Images/Icons/TimelineEditModeRippleON.png
  artifactKey: Guid(c5c1f094d9a9b3f4c9cc6c3a87af871c) Importer(815301076,1909f56bfc062723c751e8b465ee728b)
Start importing Packages/com.unity.timeline/Editor/StyleSheets/Images/Icons/TimelineEditModeRippleON.png using Guid(c5c1f094d9a9b3f4c9cc6c3a87af871c) Importer(815301076,1909f56bfc062723c751e8b465ee728b)  -> (artifact id: 'fc78d4ab529d04ac80a4e1f836161565') in 0.017059 seconds 
========================================================================
Received Import Request.
  Time since last request: 0.000017 seconds.
  path: Assets/PBR Ground Materials #1 [Dirt& Grass]/Textures/Grass_04/Grass_04_Diffuse.tga
  artifactKey: Guid(4c98f24506a077549800f4086b090b9e) Importer(815301076,1909f56bfc062723c751e8b465ee728b)
Start importing Assets/PBR Ground Materials #1 [Dirt& Grass]/Textures/Grass_04/Grass_04_Diffuse.tga using Guid(4c98f24506a077549800f4086b090b9e) Importer(815301076,1909f56bfc062723c751e8b465ee728b)  -> (artifact id: '79392eb2e9e0de8a7fb9c49dfbfc37aa') in 0.014290 seconds 
========================================================================
Received Import Request.
  Time since last request: 0.000017 seconds.
  path: Assets/PBR Ground Materials #1 [Dirt& Grass]/Textures/Dirt_08/Dirt_08_Diffuse.tga
  artifactKey: Guid(babedf2c7eb52ed49a35a694be0f728e) Importer(815301076,1909f56bfc062723c751e8b465ee728b)
Start importing Assets/PBR Ground Materials #1 [Dirt& Grass]/Textures/Dirt_08/Dirt_08_Diffuse.tga using Guid(babedf2c7eb52ed49a35a694be0f728e) Importer(815301076,1909f56bfc062723c751e8b465ee728b)  -> (artifact id: 'b76e8db2ef945373db921916231360ec') in 0.013330 seconds 
========================================================================
Received Import Request.
  Time since last request: 0.000024 seconds.
  path: Assets/PBR Ground Materials #1 [Dirt& Grass]/Textures/Grass_07/Grass_07_Diffuse.tga
  artifactKey: Guid(3db7830aaf371e943ba48731930c7e8b) Importer(815301076,1909f56bfc062723c751e8b465ee728b)
Start importing Assets/PBR Ground Materials #1 [Dirt& Grass]/Textures/Grass_07/Grass_07_Diffuse.tga using Guid(3db7830aaf371e943ba48731930c7e8b) Importer(815301076,1909f56bfc062723c751e8b465ee728b)  -> (artifact id: '5db164f60a76d220354659f36ca1ce2b') in 0.015774 seconds 
========================================================================
Received Import Request.
  Time since last request: 0.000020 seconds.
  path: Packages/com.unity.timeline/Editor/StyleSheets/Images/Icons/TimelineEditModeReplaceON.png
  artifactKey: Guid(6d41c3e8796a4fd4e80840354039e4ac) Importer(815301076,1909f56bfc062723c751e8b465ee728b)
Start importing Packages/com.unity.timeline/Editor/StyleSheets/Images/Icons/TimelineEditModeReplaceON.png using Guid(6d41c3e8796a4fd4e80840354039e4ac) Importer(815301076,1909f56bfc062723c751e8b465ee728b)  -> (artifact id: '81a3665bd168613d04e8a5a65d7ad24a') in 0.020166 seconds 
========================================================================
Received Import Request.
  Time since last request: 0.000024 seconds.
  path: Packages/com.unity.timeline/Editor/StyleSheets/Images/Icons/Timeline-Marker-Warning-Overlay.png
  artifactKey: Guid(945f4ecec6df62244b9ebcc363833642) Importer(815301076,1909f56bfc062723c751e8b465ee728b)
Start importing Packages/com.unity.timeline/Editor/StyleSheets/Images/Icons/Timeline-Marker-Warning-Overlay.png using Guid(945f4ecec6df62244b9ebcc363833642) Importer(815301076,1909f56bfc062723c751e8b465ee728b)  -> (artifact id: 'd0dc79242141dfbbcdc87046fe8e102b') in 0.078044 seconds 
========================================================================
Received Import Request.
  Time since last request: 0.000019 seconds.
  path: Assets/PBR Ground Materials #1 [Dirt& Grass]/Textures/Dirt_25/Dirt_25_Normal.tga
  artifactKey: Guid(1fee671a7128bbe43adc304a9984353c) Importer(815301076,1909f56bfc062723c751e8b465ee728b)
Start importing Assets/PBR Ground Materials #1 [Dirt& Grass]/Textures/Dirt_25/Dirt_25_Normal.tga using Guid(1fee671a7128bbe43adc304a9984353c) Importer(815301076,1909f56bfc062723c751e8b465ee728b)  -> (artifact id: '1f0ca03f04e0606feaaabd2bb6d7d8a6') in 0.014478 seconds 
========================================================================
Received Import Request.
  Time since last request: 0.000020 seconds.
  path: Assets/PBR Ground Materials #1 [Dirt& Grass]/Textures/Grass_04/Grass_04_Normal.tga
  artifactKey: Guid(76619bceb94607e449c0645ec938e3a0) Importer(815301076,1909f56bfc062723c751e8b465ee728b)
Start importing Assets/PBR Ground Materials #1 [Dirt& Grass]/Textures/Grass_04/Grass_04_Normal.tga using Guid(76619bceb94607e449c0645ec938e3a0) Importer(815301076,1909f56bfc062723c751e8b465ee728b)  -> (artifact id: '3e8f1f9e2b465050ff71ce4f8628b8d1') in 0.016647 seconds 
========================================================================
Received Import Request.
  Time since last request: 0.000029 seconds.
  path: Packages/com.unity.timeline/Editor/StyleSheets/Images/DarkSkin/TimelineIconClipOut.png
  artifactKey: Guid(32f7e3598d6414c489127629e29af3f6) Importer(815301076,1909f56bfc062723c751e8b465ee728b)
Start importing Packages/com.unity.timeline/Editor/StyleSheets/Images/DarkSkin/TimelineIconClipOut.png using Guid(32f7e3598d6414c489127629e29af3f6) Importer(815301076,1909f56bfc062723c751e8b465ee728b)  -> (artifact id: 'dcb9310a9271264167c3fd3a1c65f04f') in 0.057716 seconds 
========================================================================
Received Import Request.
  Time since last request: 0.000018 seconds.
  path: Assets/PBR Ground Materials #1 [Dirt& Grass]/Textures/Dirt_29/Dirt_29_Height.tga
  artifactKey: Guid(a2ec60471a6342b45b0fe95489c6b6a3) Importer(815301076,1909f56bfc062723c751e8b465ee728b)
Start importing Assets/PBR Ground Materials #1 [Dirt& Grass]/Textures/Dirt_29/Dirt_29_Height.tga using Guid(a2ec60471a6342b45b0fe95489c6b6a3) Importer(815301076,1909f56bfc062723c751e8b465ee728b)  -> (artifact id: '9f297b3b2e6009f78f9528b33744a81f') in 0.010994 seconds 
========================================================================
Received Import Request.
  Time since last request: 0.000018 seconds.
  path: Packages/com.unity.timeline/Editor/StyleSheets/Images/DarkSkin/TimelineHold.png
  artifactKey: Guid(ddbd45249a133a846b2f20e39b537565) Importer(815301076,1909f56bfc062723c751e8b465ee728b)
Start importing Packages/com.unity.timeline/Editor/StyleSheets/Images/DarkSkin/TimelineHold.png using Guid(ddbd45249a133a846b2f20e39b537565) Importer(815301076,1909f56bfc062723c751e8b465ee728b)  -> (artifact id: 'b3135c404ec0256dcb12f8440fbff055') in 0.010925 seconds 
========================================================================
Received Import Request.
  Time since last request: 0.000018 seconds.
  path: Assets/PBR Ground Materials #1 [Dirt& Grass]/Textures/Dirt_08/Dirt_08_Ambient_Occlusion.tga
  artifactKey: Guid(95ae6c9b9bd3ea04a9f7989d32a83392) Importer(815301076,1909f56bfc062723c751e8b465ee728b)
Start importing Assets/PBR Ground Materials #1 [Dirt& Grass]/Textures/Dirt_08/Dirt_08_Ambient_Occlusion.tga using Guid(95ae6c9b9bd3ea04a9f7989d32a83392) Importer(815301076,1909f56bfc062723c751e8b465ee728b)  -> (artifact id: 'a0fc041500deca4e4fd943f39a33d014') in 0.011510 seconds 
========================================================================
Received Import Request.
  Time since last request: 0.000024 seconds.
  path: Packages/com.unity.timeline/Editor/StyleSheets/Images/DarkSkin/TimelineAutokey.png
  artifactKey: Guid(92b5e4310629b264dad0fb2cc196d818) Importer(815301076,1909f56bfc062723c751e8b465ee728b)
Start importing Packages/com.unity.timeline/Editor/StyleSheets/Images/DarkSkin/TimelineAutokey.png using Guid(92b5e4310629b264dad0fb2cc196d818) Importer(815301076,1909f56bfc062723c751e8b465ee728b)  -> (artifact id: '761b3f9d3b1522e772d0bdfa1679fa16') in 0.060983 seconds 
========================================================================
Received Import Request.
  Time since last request: 0.000021 seconds.
  path: Packages/com.unity.timeline/Editor/StyleSheets/Images/DarkSkin/TimelineAutokey_active.png
  artifactKey: Guid(e17ee60887efdd04389991a15ee0c578) Importer(815301076,1909f56bfc062723c751e8b465ee728b)
Start importing Packages/com.unity.timeline/Editor/StyleSheets/Images/DarkSkin/TimelineAutokey_active.png using Guid(e17ee60887efdd04389991a15ee0c578) Importer(815301076,1909f56bfc062723c751e8b465ee728b)  -> (artifact id: '400438270ef220b19fe71284d2078ced') in 0.084253 seconds 
========================================================================
Received Import Request.
  Time since last request: 2.094626 seconds.
  path: Packages/com.unity.timeline/Editor/StyleSheets/Images/LightSkin/TimelineKeyframe.png
  artifactKey: Guid(f9fd2f335364cda41937eab39bf20049) Importer(815301076,1909f56bfc062723c751e8b465ee728b)
Start importing Packages/com.unity.timeline/Editor/StyleSheets/Images/LightSkin/TimelineKeyframe.png using Guid(f9fd2f335364cda41937eab39bf20049) Importer(815301076,1909f56bfc062723c751e8b465ee728b)  -> (artifact id: '721501efc5fb78621b6292cef76481a2') in 0.147001 seconds 
========================================================================
Received Import Request.
  Time since last request: 0.000032 seconds.
  path: Packages/com.unity.timeline/Editor/StyleSheets/Images/LightSkin/TimelineMarkerItemSelected.png
  artifactKey: Guid(b6e9dc9aad5843748a0124b8925c3743) Importer(815301076,1909f56bfc062723c751e8b465ee728b)
Start importing Packages/com.unity.timeline/Editor/StyleSheets/Images/LightSkin/TimelineMarkerItemSelected.png using Guid(b6e9dc9aad5843748a0124b8925c3743) Importer(815301076,1909f56bfc062723c751e8b465ee728b)  -> (artifact id: '76288c5dcd8b8a8d4040dcedbfeb409c') in 0.105439 seconds 
========================================================================
Received Import Request.
  Time since last request: 0.000027 seconds.
  path: Packages/com.unity.timeline/Editor/StyleSheets/Images/Icons/TrackAvatarButtonEnabled@2x.png
  artifactKey: Guid(51bf5f55a8a01e546bf6092b54fdae20) Importer(815301076,1909f56bfc062723c751e8b465ee728b)
Start importing Packages/com.unity.timeline/Editor/StyleSheets/Images/Icons/TrackAvatarButtonEnabled@2x.png using Guid(51bf5f55a8a01e546bf6092b54fdae20) Importer(815301076,1909f56bfc062723c751e8b465ee728b)  -> (artifact id: 'a5a867c3d4f16d44d65b9ed1aeb426f3') in 0.017485 seconds 
========================================================================
Received Import Request.
  Time since last request: 0.000034 seconds.
  path: Packages/com.unity.timeline/Editor/StyleSheets/Images/LightSkin/TimelineMarkerItemCollapsed.png
  artifactKey: Guid(7d4691eba7565c34ab785c00fbc27ff8) Importer(815301076,1909f56bfc062723c751e8b465ee728b)
Start importing Packages/com.unity.timeline/Editor/StyleSheets/Images/LightSkin/TimelineMarkerItemCollapsed.png using Guid(7d4691eba7565c34ab785c00fbc27ff8) Importer(815301076,1909f56bfc062723c751e8b465ee728b)  -> (artifact id: '8fe62a442f8d3bb04400c0876c181b2e') in 0.103945 seconds 
========================================================================
Received Import Request.
  Time since last request: 0.000022 seconds.
  path: Packages/com.unity.timeline/Editor/StyleSheets/Images/Icons/TrackAvatarButtonDisabled@2x.png
  artifactKey: Guid(7c05578092876a0458b8b480269aef86) Importer(815301076,1909f56bfc062723c751e8b465ee728b)
Start importing Packages/com.unity.timeline/Editor/StyleSheets/Images/Icons/TrackAvatarButtonDisabled@2x.png using Guid(7c05578092876a0458b8b480269aef86) Importer(815301076,1909f56bfc062723c751e8b465ee728b)  -> (artifact id: 'ecde0fc8c3c9c3ddc387423fd1ffb69b') in 0.014134 seconds 
========================================================================
Received Import Request.
  Time since last request: 0.000021 seconds.
  path: Packages/com.unity.services.core/Editor/Core/UiHelpers/Images/ToggleOff.png
  artifactKey: Guid(04ca3057bc8a3462899551a1d4c90184) Importer(815301076,1909f56bfc062723c751e8b465ee728b)
Start importing Packages/com.unity.services.core/Editor/Core/UiHelpers/Images/ToggleOff.png using Guid(04ca3057bc8a3462899551a1d4c90184) Importer(815301076,1909f56bfc062723c751e8b465ee728b)  -> (artifact id: '2508570905e0bc6215336731b1234966') in 0.140553 seconds 
========================================================================
Received Import Request.
  Time since last request: 0.000018 seconds.
  path: Packages/com.unity.timeline/Editor/StyleSheets/Images/Icons/TrackCurvesButtonEnabled.png
  artifactKey: Guid(9589d5d9eb09dec43b2ad51af4e78b1e) Importer(815301076,1909f56bfc062723c751e8b465ee728b)
Start importing Packages/com.unity.timeline/Editor/StyleSheets/Images/Icons/TrackCurvesButtonEnabled.png using Guid(9589d5d9eb09dec43b2ad51af4e78b1e) Importer(815301076,1909f56bfc062723c751e8b465ee728b)  -> (artifact id: '5217731b88e68a42fc5f680f7e2939fc') in 0.014377 seconds 
========================================================================
Received Import Request.
  Time since last request: 0.000037 seconds.
  path: Packages/com.unity.timeline/Editor/StyleSheets/Images/Icons/TrackMarkerButtonDisabled@2x.png
  artifactKey: Guid(193dae938a3136440b693b45a2494737) Importer(815301076,1909f56bfc062723c751e8b465ee728b)
Start importing Packages/com.unity.timeline/Editor/StyleSheets/Images/Icons/TrackMarkerButtonDisabled@2x.png using Guid(193dae938a3136440b693b45a2494737) Importer(815301076,1909f56bfc062723c751e8b465ee728b)  -> (artifact id: '01e96107b4874cadff7f39851c4b364c') in 0.017870 seconds 
========================================================================
Received Import Request.
  Time since last request: 0.000017 seconds.
  path: Packages/com.unity.timeline/Editor/StyleSheets/Images/DarkSkin/TimelineMarkerItemCollapsed.png
  artifactKey: Guid(f179d9a3cccffb04ba2e27f681e9b147) Importer(815301076,1909f56bfc062723c751e8b465ee728b)
Start importing Packages/com.unity.timeline/Editor/StyleSheets/Images/DarkSkin/TimelineMarkerItemCollapsed.png using Guid(f179d9a3cccffb04ba2e27f681e9b147) Importer(815301076,1909f56bfc062723c751e8b465ee728b)  -> (artifact id: '278b04955f2958d0170eae7b5b70ab48') in 0.083043 seconds 
========================================================================
Received Import Request.
  Time since last request: 0.000026 seconds.
  path: Packages/com.unity.timeline/Editor/StyleSheets/Images/Icons/TimelineSignal.png
  artifactKey: Guid(15845fb26c2846947b4dedb9fb348cc1) Importer(815301076,1909f56bfc062723c751e8b465ee728b)
Start importing Packages/com.unity.timeline/Editor/StyleSheets/Images/Icons/TimelineSignal.png using Guid(15845fb26c2846947b4dedb9fb348cc1) Importer(815301076,1909f56bfc062723c751e8b465ee728b)  -> (artifact id: 'bbee9784351e60470fff017334e9557a') in 0.123395 seconds 
========================================================================
Received Import Request.
  Time since last request: 0.000018 seconds.
  path: Packages/com.unity.timeline/Editor/StyleSheets/Images/Icons/TrackAvatarButtonEnabled.png
  artifactKey: Guid(4bf6507f1346b2746a35384f6a5fd5f9) Importer(815301076,1909f56bfc062723c751e8b465ee728b)
Start importing Packages/com.unity.timeline/Editor/StyleSheets/Images/Icons/TrackAvatarButtonEnabled.png using Guid(4bf6507f1346b2746a35384f6a5fd5f9) Importer(815301076,1909f56bfc062723c751e8b465ee728b)  -> (artifact id: '2c576171ef8081e6f3117c5290bce1ee') in 0.040278 seconds 
========================================================================
Received Import Request.
  Time since last request: 0.000024 seconds.
  path: Packages/com.unity.timeline/Editor/StyleSheets/Images/Icons/TrackCurvesButtonDisabled.png
  artifactKey: Guid(f0f8ff8921b22a74a8c79d955ace248d) Importer(815301076,1909f56bfc062723c751e8b465ee728b)
Start importing Packages/com.unity.timeline/Editor/StyleSheets/Images/Icons/TrackCurvesButtonDisabled.png using Guid(f0f8ff8921b22a74a8c79d955ace248d) Importer(815301076,1909f56bfc062723c751e8b465ee728b)  -> (artifact id: '6be1a26b36274e9ae829dc21d308fdc5') in 0.054286 seconds 
========================================================================
Received Import Request.
  Time since last request: 0.000024 seconds.
  path: Packages/com.unity.timeline/Editor/StyleSheets/Images/DarkSkin/TimelinePingPong.png
  artifactKey: Guid(d3b5c4f7d6b94f64085b3713bffa680e) Importer(815301076,1909f56bfc062723c751e8b465ee728b)
Start importing Packages/com.unity.timeline/Editor/StyleSheets/Images/DarkSkin/TimelinePingPong.png using Guid(d3b5c4f7d6b94f64085b3713bffa680e) Importer(815301076,1909f56bfc062723c751e8b465ee728b)  -> (artifact id: '3f787331fe3528e4d6c7b1a4f698bdcb') in 0.011438 seconds 
========================================================================
Received Import Request.
  Time since last request: 0.000025 seconds.
  path: Packages/com.unity.timeline/Editor/StyleSheets/Images/Icons/TrackCurvesButtonDisabled@2x.png
  artifactKey: Guid(a383d8b1327c9254896ad76d6efaf357) Importer(815301076,1909f56bfc062723c751e8b465ee728b)
Start importing Packages/com.unity.timeline/Editor/StyleSheets/Images/Icons/TrackCurvesButtonDisabled@2x.png using Guid(a383d8b1327c9254896ad76d6efaf357) Importer(815301076,1909f56bfc062723c751e8b465ee728b)  -> (artifact id: '8a629744ce2fe325954f6cb43e7edc67') in 0.056459 seconds 
========================================================================
Received Import Request.
  Time since last request: 0.000024 seconds.
  path: Packages/com.unity.timeline/Editor/StyleSheets/Images/Icons/TrackLockButtonDisabled.png
  artifactKey: Guid(fef7487d8b06bba408f70354e2463ce4) Importer(815301076,1909f56bfc062723c751e8b465ee728b)
Start importing Packages/com.unity.timeline/Editor/StyleSheets/Images/Icons/TrackLockButtonDisabled.png using Guid(fef7487d8b06bba408f70354e2463ce4) Importer(815301076,1909f56bfc062723c751e8b465ee728b)  -> (artifact id: '5fa7ab82a3d1441a1a023d1ca3287e6b') in 0.095194 seconds 
Editor requested this worker to shutdown with reason: Scaling down because of idle timeout
AssetImportWorker is now disconnected from the server
Process exiting
Exiting without the bug reporter. Application will terminate with return code 0